WARNING: Method definition is_out_of_domain(Any, Any, Any) in module Maps at /Users/praneethmerugu/Documents/Project 3/ModifiedDuffingProject/src/Visualization/Maps.jl:101 overwritten at /Users/praneethmerugu/Documents/Project 3/ModifiedDuffingProject/src/Visualization/Maps.jl:105.
ERROR: Method overwriting is not permitted during Module precompilation. Use `__precompile__(false)` to opt-out of precompilation.
WARNING: Method definition is_out_of_domain(Any, Any, Any) in module Maps at /Users/praneethmerugu/Documents/Project 3/ModifiedDuffingProject/src/Visualization/Maps.jl:101 overwritten at /Users/praneethmerugu/Documents/Project 3/ModifiedDuffingProject/src/Visualization/Maps.jl:105.
Precompiling packages...
Info Given ModifiedDuffingProject was explicitly requested, output will be shown live [0K
[0KWARNING: Method definition is_out_of_domain(Any, Any, Any) in module Maps at /Users/praneethmerugu/Documents/Project 3/ModifiedDuffingProject/src/Visualization/Maps.jl:101 overwritten at /Users/praneethmerugu/Documents/Project 3/ModifiedDuffingProject/src/Visualization/Maps.jl:105.
[0KERROR: Method overwriting is not permitted during Module precompilation. Use `__precompile__(false)` to opt-out of precompilation.
  18133.0 ms  ? ModifiedDuffingProject (serial)
┌ Warning: Found `resolution` in the theme when creating a `Scene`. The `resolution` keyword for `Scene`s and `Figure`s has been deprecated. Use `Figure(; size = ...` or `Scene(; size = ...)` instead, which better reflects that this is a unitless size and not a pixel resolution. The key could also come from `set_theme!` calls or related theming functions.
└ @ Makie ~/.julia/packages/Makie/TOy8O/src/scenes.jl:264
┌ Warning: `arrows` are deprecated in favor of `arrows2d` and `arrows3d`.
└ @ Makie ~/.julia/packages/Makie/TOy8O/src/basic_recipes/arrows.jl:166
ERROR: LoadError: MethodError: no method matching _is_3d_arrows(::Vector{Float64}, ::Vector{Float64}, ::Observables.Observable{Vector{Float64}}, ::Observables.Observable{Vector{Float64}})
The function `_is_3d_arrows` exists, but no method is defined for this combination of argument types.

Closest candidates are:
  _is_3d_arrows(!Matched::Union{GridLayoutBase.GridPosition, Makie.Block, Makie.Scene}, ::Any...)
   @ Makie ~/.julia/packages/Makie/TOy8O/src/basic_recipes/arrows.jl:153
  _is_3d_arrows(::AbstractArray, ::AbstractArray, !Matched::Function)
   @ Makie ~/.julia/packages/Makie/TOy8O/src/basic_recipes/arrows.jl:162
  _is_3d_arrows(::AbstractArray, ::AbstractArray, !Matched::AbstractArray, !Matched::AbstractArray)
   @ Makie ~/.julia/packages/Makie/TOy8O/src/basic_recipes/arrows.jl:158
  ...

Stacktrace:
  [1] _is_3d_arrows(::Makie.Axis, ::Vector{Float64}, ::Vector{Float64}, ::Observables.Observable{Vector{Float64}}, ::Observables.Observable{Vector{Float64}})
    @ Makie ~/.julia/packages/Makie/TOy8O/src/basic_recipes/arrows.jl:153
  [2] resolve_arrows_deprecation(mutating::Bool, args::Tuple{Makie.Axis, Vector{Float64}, Vector{Float64}, Observables.Observable{Vector{Float64}}, Observables.Observable{Vector{Float64}}}, kwargs::Dict{Symbol, Any})
    @ Makie ~/.julia/packages/Makie/TOy8O/src/basic_recipes/arrows.jl:168
  [3] arrows!(::Makie.Axis, ::Vararg{Any}; kwargs::@Kwargs{arrowsize::Int64, lengthscale::Float64, color::Symbol})
    @ Makie ~/.julia/packages/Makie/TOy8O/src/basic_recipes/arrows.jl:146
  [4] hopf_scanner(output_path::String)
    @ ModifiedDuffingProject.PhaseSpace ~/Documents/Project 3/ModifiedDuffingProject/src/Visualization/PhaseSpace.jl:67
  [5] top-level scope
    @ ~/Documents/Project 3/ModifiedDuffingProject/scripts/01_autonomous.jl:7
  [6] include(mapexpr::Function, mod::Module, _path::String)
    @ Base ./Base.jl:307
  [7] top-level scope
    @ ~/Documents/Project 3/ModifiedDuffingProject/scripts/run_all.jl:5
  [8] include(mod::Module, _path::String)
    @ Base ./Base.jl:306
  [9] exec_options(opts::Base.JLOptions)
    @ Base ./client.jl:317
 [10] _start()
    @ Base ./client.jl:550
in expression starting at /Users/praneethmerugu/Documents/Project 3/ModifiedDuffingProject/scripts/01_autonomous.jl:7
in expression starting at /Users/praneethmerugu/Documents/Project 3/ModifiedDuffingProject/scripts/run_all.jl:5
