Precompiling packages...
Info Given ModifiedDuffingProject was explicitly requested, output will be shown live [0K
[0KERROR: LoadError: invalid assignment to constant DynamicalSystemsVisualizations.subscript. This redefinition may be permitted using the `const` keyword.
[0KStacktrace:
[0K [1] top-level scope
[0K   @ ~/.julia/packages/DynamicalSystems/sv3mw/ext/DynamicalSystemsVisualizations.jl:14
[0K [2] include(mod::Module, _path::String)
[0K   @ Base ./Base.jl:306
[0K [3] include_package_for_output(pkg::Base.PkgId, input::String, depot_path::Vector{String}, dl_load_path::Vector{String}, load_path::Vector{String}, concrete_deps::Vector{Pair{Base.PkgId, UInt128}}, source::String)
[0K   @ Base ./loading.jl:2996
[0K [4] top-level scope
[0K   @ stdin:5
[0K [5] eval(m::Module, e::Any)
[0K   @ Core ./boot.jl:489
[0K [6] include_string(mapexpr::typeof(identity), mod::Module, code::String, filename::String)
[0K   @ Base ./loading.jl:2842
[0K [7] include_string
[0K   @ ./loading.jl:2852 [inlined]
[0K [8] exec_options(opts::Base.JLOptions)
[0K   @ Base ./client.jl:315
[0K [9] _start()
[0K   @ Base ./client.jl:550
[0Kin expression starting at /Users/praneethmerugu/.julia/packages/DynamicalSystems/sv3mw/ext/DynamicalSystemsVisualizations.jl:1
[0Kin expression starting at stdin:5
[0KERROR: LoadError: Failed to precompile DynamicalSystemsVisualizations [bf41aec9-21e8-5d35-8521-19f2dd369247] to "/Users/praneethmerugu/.julia/compiled/v1.12/DynamicalSystemsVisualizations/jl_kVjhFs".
[0KStacktrace:
[0K  [1] error(s::String)
[0K    @ Base ./error.jl:44
[0K  [2] compilecache(pkg::Base.PkgId, path::String, internal_stderr::IO, internal_stdout::IO, keep_loaded_modules::Bool; flags::Cmd, cacheflags::Base.CacheFlags, reasons::Dict{String, Int64}, loadable_exts::Vector{Base.PkgId})
[0K    @ Base ./loading.jl:3283
[0K  [3] (::Base.var"#__require_prelocked##0#__require_prelocked##1"{Base.PkgId, String, Dict{String, Int64}})()
[0K    @ Base ./loading.jl:2651
[0K  [4] mkpidlock(f::Base.var"#__require_prelocked##0#__require_prelocked##1"{Base.PkgId, String, Dict{String, Int64}}, at::String, pid::Int32; kwopts::@Kwargs{stale_age::Int64, wait::Bool})
[0K    @ FileWatching.Pidfile ~/.julia/juliaup/julia-1.12.1+0.aarch64.apple.darwin14/share/julia/stdlib/v1.12/FileWatching/src/pidfile.jl:93
[0K  [5] #mkpidlock#7
[0K    @ ~/.julia/juliaup/julia-1.12.1+0.aarch64.apple.darwin14/share/julia/stdlib/v1.12/FileWatching/src/pidfile.jl:88 [inlined]
[0K  [6] trymkpidlock(::Function, ::Vararg{Any}; kwargs::@Kwargs{stale_age::Int64})
[0K    @ FileWatching.Pidfile ~/.julia/juliaup/julia-1.12.1+0.aarch64.apple.darwin14/share/julia/stdlib/v1.12/FileWatching/src/pidfile.jl:114
[0K  [7] #invokelatest_gr#232
[0K    @ ./reflection.jl:1282 [inlined]
[0K  [8] invokelatest_gr
[0K    @ ./reflection.jl:1274 [inlined]
[0K  [9] maybe_cachefile_lock(f::Base.var"#__require_prelocked##0#__require_prelocked##1"{Base.PkgId, String, Dict{String, Int64}}, pkg::Base.PkgId, srcpath::String; stale_age::Int64)
[0K    @ Base ./loading.jl:3854
[0K [10] maybe_cachefile_lock(f::Function, pkg::Base.PkgId, srcpath::String)
[0K    @ Base ./loading.jl:3851
[0K [11] __require_prelocked(pkg::Base.PkgId, env::Nothing)
[0K    @ Base ./loading.jl:2637
[0K [12] _require_prelocked(uuidkey::Base.PkgId, env::Nothing)
[0K    @ Base ./loading.jl:2465
[0K [13] _require_prelocked(uuidkey::Base.PkgId)
[0K    @ Base ./loading.jl:2459
[0K [14] run_extension_callbacks(extid::Base.ExtensionId)
[0K    @ Base ./loading.jl:1579
[0K [15] run_extension_callbacks(pkgid::Base.PkgId)
[0K    @ Base ./loading.jl:1616
[0K [16] run_package_callbacks(modkey::Base.PkgId)
[0K    @ Base ./loading.jl:1432
[0K [17] _require_search_from_serialized(pkg::Base.PkgId, sourcepath::String, build_id::UInt128, stalecheck::Bool; reasons::Dict{String, Int64}, DEPOT_PATH::Vector{String})
[0K    @ Base ./loading.jl:2106
[0K [18] _require_search_from_serialized
[0K    @ ./loading.jl:1981 [inlined]
[0K [19] __require_prelocked(pkg::Base.PkgId, env::String)
[0K    @ Base ./loading.jl:2599
[0K [20] _require_prelocked(uuidkey::Base.PkgId, env::String)
[0K    @ Base ./loading.jl:2465
[0K [21] macro expansion
[0K    @ ./loading.jl:2393 [inlined]
[0K [22] macro expansion
[0K    @ ./lock.jl:376 [inlined]
[0K [23] __require(into::Module, mod::Symbol)
[0K    @ Base ./loading.jl:2358
[0K [24] require(into::Module, mod::Symbol)
[0K    @ Base ./loading.jl:2334
[0K [25] top-level scope
[0K    @ ~/Documents/Project 3/ModifiedDuffingProject/src/Visualization/PhaseSpace.jl:6
[0K [26] include(mapexpr::Function, mod::Module, _path::String)
[0K    @ Base ./Base.jl:307
[0K [27] top-level scope
[0K    @ ~/Documents/Project 3/ModifiedDuffingProject/src/ModifiedDuffingProject.jl:19
[0K [28] include(mod::Module, _path::String)
[0K    @ Base ./Base.jl:306
[0K [29] include_package_for_output(pkg::Base.PkgId, input::String, depot_path::Vector{String}, dl_load_path::Vector{String}, load_path::Vector{String}, concrete_deps::Vector{Pair{Base.PkgId, UInt128}}, source::Nothing)
[0K    @ Base ./loading.jl:2996
[0K [30] top-level scope
[0K    @ stdin:5
[0K [31] eval(m::Module, e::Any)
[0K    @ Core ./boot.jl:489
[0K [32] include_string(mapexpr::typeof(identity), mod::Module, code::String, filename::String)
[0K    @ Base ./loading.jl:2842
[0K [33] include_string
[0K    @ ./loading.jl:2852 [inlined]
[0K [34] exec_options(opts::Base.JLOptions)
[0K    @ Base ./client.jl:315
[0K [35] _start()
[0K    @ Base ./client.jl:550
[0Kin expression starting at /Users/praneethmerugu/Documents/Project 3/ModifiedDuffingProject/src/Visualization/PhaseSpace.jl:1
[0Kin expression starting at /Users/praneethmerugu/Documents/Project 3/ModifiedDuffingProject/src/ModifiedDuffingProject.jl:1
[0Kin expression starting at stdin:5
              ✗ ModifiedDuffingProject (serial)
  0 dependencies successfully precompiled in 34 seconds

ERROR: LoadError: The following 1 direct dependency failed to precompile:

ModifiedDuffingProject 

Failed to precompile ModifiedDuffingProject [top-level] to "/Users/praneethmerugu/.julia/compiled/v1.12/jl_RACPta".
ERROR: LoadError: invalid assignment to constant DynamicalSystemsVisualizations.subscript. This redefinition may be permitted using the `const` keyword.
Stacktrace:
 [1] top-level scope
   @ ~/.julia/packages/DynamicalSystems/sv3mw/ext/DynamicalSystemsVisualizations.jl:14
 [2] include(mod::Module, _path::String)
   @ Base ./Base.jl:306
 [3] include_package_for_output(pkg::Base.PkgId, input::String, depot_path::Vector{String}, dl_load_path::Vector{String}, load_path::Vector{String}, concrete_deps::Vector{Pair{Base.PkgId, UInt128}}, source::String)
   @ Base ./loading.jl:2996
 [4] top-level scope
   @ stdin:5
 [5] eval(m::Module, e::Any)
   @ Core ./boot.jl:489
 [6] include_string(mapexpr::typeof(identity), mod::Module, code::String, filename::String)
   @ Base ./loading.jl:2842
 [7] include_string
   @ ./loading.jl:2852 [inlined]
 [8] exec_options(opts::Base.JLOptions)
   @ Base ./client.jl:315
 [9] _start()
   @ Base ./client.jl:550
in expression starting at /Users/praneethmerugu/.julia/packages/DynamicalSystems/sv3mw/ext/DynamicalSystemsVisualizations.jl:1
in expression starting at stdin:5
ERROR: LoadError: Failed to precompile DynamicalSystemsVisualizations [bf41aec9-21e8-5d35-8521-19f2dd369247] to "/Users/praneethmerugu/.julia/compiled/v1.12/DynamicalSystemsVisualizations/jl_kVjhFs".
Stacktrace:
  [1] error(s::String)
    @ Base ./error.jl:44
  [2] compilecache(pkg::Base.PkgId, path::String, internal_stderr::IO, internal_stdout::IO, keep_loaded_modules::Bool; flags::Cmd, cacheflags::Base.CacheFlags, reasons::Dict{String, Int64}, loadable_exts::Vector{Base.PkgId})
    @ Base ./loading.jl:3283
  [3] (::Base.var"#__require_prelocked##0#__require_prelocked##1"{Base.PkgId, String, Dict{String, Int64}})()
    @ Base ./loading.jl:2651
  [4] mkpidlock(f::Base.var"#__require_prelocked##0#__require_prelocked##1"{Base.PkgId, String, Dict{String, Int64}}, at::String, pid::Int32; kwopts::@Kwargs{stale_age::Int64, wait::Bool})
    @ FileWatching.Pidfile ~/.julia/juliaup/julia-1.12.1+0.aarch64.apple.darwin14/share/julia/stdlib/v1.12/FileWatching/src/pidfile.jl:93
  [5] #mkpidlock#7
    @ ~/.julia/juliaup/julia-1.12.1+0.aarch64.apple.darwin14/share/julia/stdlib/v1.12/FileWatching/src/pidfile.jl:88 [inlined]
  [6] trymkpidlock(::Function, ::Vararg{Any}; kwargs::@Kwargs{stale_age::Int64})
    @ FileWatching.Pidfile ~/.julia/juliaup/julia-1.12.1+0.aarch64.apple.darwin14/share/julia/stdlib/v1.12/FileWatching/src/pidfile.jl:114
  [7] #invokelatest_gr#232
    @ ./reflection.jl:1282 [inlined]
  [8] invokelatest_gr
    @ ./reflection.jl:1274 [inlined]
  [9] maybe_cachefile_lock(f::Base.var"#__require_prelocked##0#__require_prelocked##1"{Base.PkgId, String, Dict{String, Int64}}, pkg::Base.PkgId, srcpath::String; stale_age::Int64)
    @ Base ./loading.jl:3854
 [10] maybe_cachefile_lock(f::Function, pkg::Base.PkgId, srcpath::String)
    @ Base ./loading.jl:3851
 [11] __require_prelocked(pkg::Base.PkgId, env::Nothing)
    @ Base ./loading.jl:2637
 [12] _require_prelocked(uuidkey::Base.PkgId, env::Nothing)
    @ Base ./loading.jl:2465
 [13] _require_prelocked(uuidkey::Base.PkgId)
    @ Base ./loading.jl:2459
 [14] run_extension_callbacks(extid::Base.ExtensionId)
    @ Base ./loading.jl:1579
 [15] run_extension_callbacks(pkgid::Base.PkgId)
    @ Base ./loading.jl:1616
 [16] run_package_callbacks(modkey::Base.PkgId)
    @ Base ./loading.jl:1432
 [17] _require_search_from_serialized(pkg::Base.PkgId, sourcepath::String, build_id::UInt128, stalecheck::Bool; reasons::Dict{String, Int64}, DEPOT_PATH::Vector{String})
    @ Base ./loading.jl:2106
 [18] _require_search_from_serialized
    @ ./loading.jl:1981 [inlined]
 [19] __require_prelocked(pkg::Base.PkgId, env::String)
    @ Base ./loading.jl:2599
 [20] _require_prelocked(uuidkey::Base.PkgId, env::String)
    @ Base ./loading.jl:2465
 [21] macro expansion
    @ ./loading.jl:2393 [inlined]
 [22] macro expansion
    @ ./lock.jl:376 [inlined]
 [23] __require(into::Module, mod::Symbol)
    @ Base ./loading.jl:2358
 [24] require(into::Module, mod::Symbol)
    @ Base ./loading.jl:2334
 [25] top-level scope
    @ ~/Documents/Project 3/ModifiedDuffingProject/src/Visualization/PhaseSpace.jl:6
 [26] include(mapexpr::Function, mod::Module, _path::String)
    @ Base ./Base.jl:307
 [27] top-level scope
    @ ~/Documents/Project 3/ModifiedDuffingProject/src/ModifiedDuffingProject.jl:19
 [28] include(mod::Module, _path::String)
    @ Base ./Base.jl:306
 [29] include_package_for_output(pkg::Base.PkgId, input::String, depot_path::Vector{String}, dl_load_path::Vector{String}, load_path::Vector{String}, concrete_deps::Vector{Pair{Base.PkgId, UInt128}}, source::Nothing)
    @ Base ./loading.jl:2996
 [30] top-level scope
    @ stdin:5
 [31] eval(m::Module, e::Any)
    @ Core ./boot.jl:489
 [32] include_string(mapexpr::typeof(identity), mod::Module, code::String, filename::String)
    @ Base ./loading.jl:2842
 [33] include_string
    @ ./loading.jl:2852 [inlined]
 [34] exec_options(opts::Base.JLOptions)
    @ Base ./client.jl:315
 [35] _start()
    @ Base ./client.jl:550
in expression starting at /Users/praneethmerugu/Documents/Project 3/ModifiedDuffingProject/src/Visualization/PhaseSpace.jl:1
in expression starting at /Users/praneethmerugu/Documents/Project 3/ModifiedDuffingProject/src/ModifiedDuffingProject.jl:1
in expression starting at stdin:
in expression starting at /Users/praneethmerugu/Documents/Project 3/ModifiedDuffingProject/scripts/01_autonomous.jl:1
in expression starting at /Users/praneethmerugu/Documents/Project 3/ModifiedDuffingProject/scripts/run_all.jl:5
